logger=settings t=2023-04-13T12:32:11.49039592+02:00 level=info msg="Starting Grafana" version=9.3.6 commit=978237e7cb branch=HEAD compiled=2023-01-26T15:38:58+01:00
logger=settings t=2023-04-13T12:32:11.491100621+02:00 level=error msg="Failed to detect generated javascript files in public/build"
logger=settings t=2023-04-13T12:32:11.491230528+02:00 level=info msg="Config loaded from" file=/home/samuel/IdeaProjects/spring-boot-health-monitor/conf/defaults.ini
logger=settings t=2023-04-13T12:32:11.491250998+02:00 level=info msg="Path Home" path=/home/samuel/IdeaProjects/spring-boot-health-monitor
logger=settings t=2023-04-13T12:32:11.491263583+02:00 level=info msg="Path Data" path=/home/samuel/IdeaProjects/spring-boot-health-monitor/data
logger=settings t=2023-04-13T12:32:11.491275767+02:00 level=info msg="Path Logs" path=/home/samuel/IdeaProjects/spring-boot-health-monitor/data/log
logger=settings t=2023-04-13T12:32:11.49128725+02:00 level=info msg="Path Plugins" path=/home/samuel/IdeaProjects/spring-boot-health-monitor/data/plugins
logger=settings t=2023-04-13T12:32:11.491299204+02:00 level=info msg="Path Provisioning" path=/home/samuel/IdeaProjects/spring-boot-health-monitor/conf/provisioning
logger=settings t=2023-04-13T12:32:11.491311187+02:00 level=info msg="App mode production"
logger=sqlstore t=2023-04-13T12:32:11.492167138+02:00 level=info msg="Connecting to DB" dbtype=sqlite3
logger=sqlstore t=2023-04-13T12:32:11.492195373+02:00 level=info msg="Creating SQLite database file" path=/home/samuel/IdeaProjects/spring-boot-health-monitor/data/grafana.db
logger=migrator t=2023-04-13T12:32:11.501284413+02:00 level=info msg="Starting DB migrations"
logger=migrator t=2023-04-13T12:32:11.501400102+02:00 level=info msg="Executing migration" id="create migration_log table"
logger=migrator t=2023-04-13T12:32:11.505632189+02:00 level=info msg="Executing migration" id="create user table"
logger=migrator t=2023-04-13T12:32:11.508009604+02:00 level=info msg="Executing migration" id="add unique index user.login"
logger=migrator t=2023-04-13T12:32:11.51014936+02:00 level=info msg="Executing migration" id="add unique index user.email"
logger=migrator t=2023-04-13T12:32:11.512036848+02:00 level=info msg="Executing migration" id="drop index UQE_user_login - v1"
logger=migrator t=2023-04-13T12:32:11.513535037+02:00 level=info msg="Executing migration" id="drop index UQE_user_email - v1"
logger=migrator t=2023-04-13T12:32:11.517986057+02:00 level=info msg="Executing migration" id="Rename table user to user_v1 - v1"
logger=migrator t=2023-04-13T12:32:11.521409858+02:00 level=info msg="Executing migration" id="create user table v2"
logger=migrator t=2023-04-13T12:32:11.523425689+02:00 level=info msg="Executing migration" id="create index UQE_user_login - v2"
logger=migrator t=2023-04-13T12:32:11.525241746+02:00 level=info msg="Executing migration" id="create index UQE_user_email - v2"
logger=migrator t=2023-04-13T12:32:11.531047851+02:00 level=info msg="Executing migration" id="copy data_source v1 to v2"
logger=migrator t=2023-04-13T12:32:11.533444695+02:00 level=info msg="Executing migration" id="Drop old table user_v1"
logger=migrator t=2023-04-13T12:32:11.535560073+02:00 level=info msg="Executing migration" id="Add column help_flags1 to user table"
logger=migrator t=2023-04-13T12:32:11.53696635+02:00 level=info msg="Executing migration" id="Update user table charset"
logger=migrator t=2023-04-13T12:32:11.538806684+02:00 level=info msg="Executing migration" id="Add last_seen_at column to user"
logger=migrator t=2023-04-13T12:32:11.540390522+02:00 level=info msg="Executing migration" id="Add missing user data"
logger=migrator t=2023-04-13T12:32:11.542716726+02:00 level=info msg="Executing migration" id="Add is_disabled column to user"
logger=migrator t=2023-04-13T12:32:11.54497699+02:00 level=info msg="Executing migration" id="Add index user.login/user.email"
logger=migrator t=2023-04-13T12:32:11.546463114+02:00 level=info msg="Executing migration" id="Add is_service_account column to user"
logger=migrator t=2023-04-13T12:32:11.549265288+02:00 level=info msg="Executing migration" id="Update is_service_account column to nullable"
logger=migrator t=2023-04-13T12:32:11.552006522+02:00 level=info msg="Executing migration" id="create temp user table v1-7"
logger=migrator t=2023-04-13T12:32:11.5547603+02:00 level=info msg="Executing migration" id="create index IDX_temp_user_email - v1-7"
logger=migrator t=2023-04-13T12:32:11.559628444+02:00 level=info msg="Executing migration" id="create index IDX_temp_user_org_id - v1-7"
logger=migrator t=2023-04-13T12:32:11.562010168+02:00 level=info msg="Executing migration" id="create index IDX_temp_user_code - v1-7"
logger=migrator t=2023-04-13T12:32:11.564452461+02:00 level=info msg="Executing migration" id="create index IDX_temp_user_status - v1-7"
logger=migrator t=2023-04-13T12:32:11.566250011+02:00 level=info msg="Executing migration" id="Update temp_user table charset"
logger=migrator t=2023-04-13T12:32:11.568391289+02:00 level=info msg="Executing migration" id="drop index IDX_temp_user_email - v1"
logger=migrator t=2023-04-13T12:32:11.56985486+02:00 level=info msg="Executing migration" id="drop index IDX_temp_user_org_id - v1"
logger=migrator t=2023-04-13T12:32:11.572280841+02:00 level=info msg="Executing migration" id="drop index IDX_temp_user_code - v1"
logger=migrator t=2023-04-13T12:32:11.573722097+02:00 level=info msg="Executing migration" id="drop index IDX_temp_user_status - v1"
logger=migrator t=2023-04-13T12:32:11.576055043+02:00 level=info msg="Executing migration" id="Rename table temp_user to temp_user_tmp_qwerty - v1"
logger=migrator t=2023-04-13T12:32:11.578257113+02:00 level=info msg="Executing migration" id="create temp_user v2"
logger=migrator t=2023-04-13T12:32:11.579877392+02:00 level=info msg="Executing migration" id="create index IDX_temp_user_email - v2"
logger=migrator t=2023-04-13T12:32:11.582961102+02:00 level=info msg="Executing migration" id="create index IDX_temp_user_org_id - v2"
logger=migrator t=2023-04-13T12:32:11.584898068+02:00 level=info msg="Executing migration" id="create index IDX_temp_user_code - v2"
logger=migrator t=2023-04-13T12:32:11.589298157+02:00 level=info msg="Executing migration" id="create index IDX_temp_user_status - v2"
logger=migrator t=2023-04-13T12:32:11.592602623+02:00 level=info msg="Executing migration" id="copy temp_user v1 to v2"
logger=migrator t=2023-04-13T12:32:11.594826374+02:00 level=info msg="Executing migration" id="drop temp_user_tmp_qwerty"
logger=migrator t=2023-04-13T12:32:11.596391154+02:00 level=info msg="Executing migration" id="Set created for temp users that will otherwise prematurely expire"
logger=migrator t=2023-04-13T12:32:11.598634364+02:00 level=info msg="Executing migration" id="create star table"
logger=migrator t=2023-04-13T12:32:11.600000453+02:00 level=info msg="Executing migration" id="add unique index star.user_id_dashboard_id"
logger=migrator t=2023-04-13T12:32:11.602205437+02:00 level=info msg="Executing migration" id="create org table v1"
logger=migrator t=2023-04-13T12:32:11.604301186+02:00 level=info msg="Executing migration" id="create index UQE_org_name - v1"
logger=migrator t=2023-04-13T12:32:11.606117211+02:00 level=info msg="Executing migration" id="create org_user table v1"
logger=migrator t=2023-04-13T12:32:11.608089837+02:00 level=info msg="Executing migration" id="create index IDX_org_user_org_id - v1"
logger=migrator t=2023-04-13T12:32:11.613673044+02:00 level=info msg="Executing migration" id="create index UQE_org_user_org_id_user_id - v1"
logger=migrator t=2023-04-13T12:32:11.616016983+02:00 level=info msg="Executing migration" id="create index IDX_org_user_user_id - v1"
logger=migrator t=2023-04-13T12:32:11.620791061+02:00 level=info msg="Executing migration" id="Update org table charset"
logger=migrator t=2023-04-13T12:32:11.622947119+02:00 level=info msg="Executing migration" id="Update org_user table charset"
logger=migrator t=2023-04-13T12:32:11.624809206+02:00 level=info msg="Executing migration" id="Migrate all Read Only Viewers to Viewers"
logger=migrator t=2023-04-13T12:32:11.626035799+02:00 level=info msg="Executing migration" id="create dashboard table"
logger=migrator t=2023-04-13T12:32:11.628573961+02:00 level=info msg="Executing migration" id="add index dashboard.account_id"
logger=migrator t=2023-04-13T12:32:11.630451419+02:00 level=info msg="Executing migration" id="add unique index dashboard_account_id_slug"
logger=migrator t=2023-04-13T12:32:11.632360329+02:00 level=info msg="Executing migration" id="create dashboard_tag table"
logger=migrator t=2023-04-13T12:32:11.634308005+02:00 level=info msg="Executing migration" id="add unique index dashboard_tag.dasboard_id_term"
logger=migrator t=2023-04-13T12:32:11.636216494+02:00 level=info msg="Executing migration" id="drop index UQE_dashboard_tag_dashboard_id_term - v1"
logger=migrator t=2023-04-13T12:32:11.641088856+02:00 level=info msg="Executing migration" id="Rename table dashboard to dashboard_v1 - v1"
logger=migrator t=2023-04-13T12:32:11.645045911+02:00 level=info msg="Executing migration" id="create dashboard v2"
logger=migrator t=2023-04-13T12:32:11.649858605+02:00 level=info msg="Executing migration" id="create index IDX_dashboard_org_id - v2"
logger=migrator t=2023-04-13T12:32:11.65248399+02:00 level=info msg="Executing migration" id="create index UQE_dashboard_org_id_slug - v2"
logger=migrator t=2023-04-13T12:32:11.654403951+02:00 level=info msg="Executing migration" id="copy dashboard v1 to v2"
logger=migrator t=2023-04-13T12:32:11.656107135+02:00 level=info msg="Executing migration" id="drop table dashboard_v1"
logger=migrator t=2023-04-13T12:32:11.657569793+02:00 level=info msg="Executing migration" id="alter dashboard.data to mediumtext v1"
logger=migrator t=2023-04-13T12:32:11.659694249+02:00 level=info msg="Executing migration" id="Add column updated_by in dashboard - v2"
logger=migrator t=2023-04-13T12:32:11.661748887+02:00 level=info msg="Executing migration" id="Add column created_by in dashboard - v2"
logger=migrator t=2023-04-13T12:32:11.663572939+02:00 level=info msg="Executing migration" id="Add column gnetId in dashboard"
logger=migrator t=2023-04-13T12:32:11.665684629+02:00 level=info msg="Executing migration" id="Add index for gnetId in dashboard"
logger=migrator t=2023-04-13T12:32:11.667182958+02:00 level=info msg="Executing migration" id="Add column plugin_id in dashboard"
logger=migrator t=2023-04-13T12:32:11.669363063+02:00 level=info msg="Executing migration" id="Add index for plugin_id in dashboard"
logger=migrator t=2023-04-13T12:32:11.671339567+02:00 level=info msg="Executing migration" id="Add index for dashboard_id in dashboard_tag"
logger=migrator t=2023-04-13T12:32:11.672695815+02:00 level=info msg="Executing migration" id="Update dashboard table charset"
logger=migrator t=2023-04-13T12:32:11.674833557+02:00 level=info msg="Executing migration" id="Update dashboard_tag table charset"
logger=migrator t=2023-04-13T12:32:11.678098084+02:00 level=info msg="Executing migration" id="Add column folder_id in dashboard"
logger=migrator t=2023-04-13T12:32:11.680072573+02:00 level=info msg="Executing migration" id="Add column isFolder in dashboard"
logger=migrator t=2023-04-13T12:32:11.681851837+02:00 level=info msg="Executing migration" id="Add column has_acl in dashboard"
logger=migrator t=2023-04-13T12:32:11.683186453+02:00 level=info msg="Executing migration" id="Add column uid in dashboard"
logger=migrator t=2023-04-13T12:32:11.685244407+02:00 level=info msg="Executing migration" id="Update uid column values in dashboard"
logger=migrator t=2023-04-13T12:32:11.686432463+02:00 level=info msg="Executing migration" id="Add unique index dashboard_org_id_uid"
logger=migrator t=2023-04-13T12:32:11.688569623+02:00 level=info msg="Executing migration" id="Remove unique index org_id_slug"
logger=migrator t=2023-04-13T12:32:11.689846054+02:00 level=info msg="Executing migration" id="Update dashboard title length"
logger=migrator t=2023-04-13T12:32:11.691231851+02:00 level=info msg="Executing migration" id="Add unique index for dashboard_org_id_title_folder_id"
logger=migrator t=2023-04-13T12:32:11.695208484+02:00 level=info msg="Executing migration" id="create dashboard_provisioning"
logger=migrator t=2023-04-13T12:32:11.698857561+02:00 level=info msg="Executing migration" id="Rename table dashboard_provisioning to dashboard_provisioning_tmp_qwerty - v1"
logger=migrator t=2023-04-13T12:32:11.700683967+02:00 level=info msg="Executing migration" id="create dashboard_provisioning v2"
logger=migrator t=2023-04-13T12:32:11.702870456+02:00 level=info msg="Executing migration" id="create index IDX_dashboard_provisioning_dashboard_id - v2"
logger=migrator t=2023-04-13T12:32:11.704936055+02:00 level=info msg="Executing migration" id="create index IDX_dashboard_provisioning_dashboard_id_name - v2"
logger=migrator t=2023-04-13T12:32:11.707351996+02:00 level=info msg="Executing migration" id="copy dashboard_provisioning v1 to v2"
logger=migrator t=2023-04-13T12:32:11.709305774+02:00 level=info msg="Executing migration" id="drop dashboard_provisioning_tmp_qwerty"
logger=migrator t=2023-04-13T12:32:11.710959219+02:00 level=info msg="Executing migration" id="Add check_sum column"
logger=migrator t=2023-04-13T12:32:11.713446922+02:00 level=info msg="Executing migration" id="Add index for dashboard_title"
logger=migrator t=2023-04-13T12:32:11.715198451+02:00 level=info msg="Executing migration" id="delete tags for deleted dashboards"
logger=migrator t=2023-04-13T12:32:11.716580561+02:00 level=info msg="Executing migration" id="delete stars for deleted dashboards"
logger=migrator t=2023-04-13T12:32:11.71867131+02:00 level=info msg="Executing migration" id="Add index for dashboard_is_folder"
logger=migrator t=2023-04-13T12:32:11.720603315+02:00 level=info msg="Executing migration" id="Add isPublic for dashboard"
logger=migrator t=2023-04-13T12:32:11.722795163+02:00 level=info msg="Executing migration" id="create data_source table"
logger=migrator t=2023-04-13T12:32:11.727261765+02:00 level=info msg="Executing migration" id="add index data_source.account_id"
logger=migrator t=2023-04-13T12:32:11.729900476+02:00 level=info msg="Executing migration" id="add unique index data_source.account_id_name"
logger=migrator t=2023-04-13T12:32:11.732073206+02:00 level=info msg="Executing migration" id="drop index IDX_data_source_account_id - v1"
logger=migrator t=2023-04-13T12:32:11.733824024+02:00 level=info msg="Executing migration" id="drop index UQE_data_source_account_id_name - v1"
logger=migrator t=2023-04-13T12:32:11.736512002+02:00 level=info msg="Executing migration" id="Rename table data_source to data_source_v1 - v1"
logger=migrator t=2023-04-13T12:32:11.739220891+02:00 level=info msg="Executing migration" id="create data_source table v2"
logger=migrator t=2023-04-13T12:32:11.740517763+02:00 level=info msg="Executing migration" id="create index IDX_data_source_org_id - v2"
logger=migrator t=2023-04-13T12:32:11.742604253+02:00 level=info msg="Executing migration" id="create index UQE_data_source_org_id_name - v2"
logger=migrator t=2023-04-13T12:32:11.744467903+02:00 level=info msg="Executing migration" id="Drop old table data_source_v1 #2"
logger=migrator t=2023-04-13T12:32:11.746815991+02:00 level=info msg="Executing migration" id="Add column with_credentials"
logger=migrator t=2023-04-13T12:32:11.750124976+02:00 level=info msg="Executing migration" id="Add secure json data column"
logger=migrator t=2023-04-13T12:32:11.7550746+02:00 level=info msg="Executing migration" id="Update data_source table charset"
logger=migrator t=2023-04-13T12:32:11.757252464+02:00 level=info msg="Executing migration" id="Update initial version to 1"
logger=migrator t=2023-04-13T12:32:11.759604386+02:00 level=info msg="Executing migration" id="Add read_only data column"
logger=migrator t=2023-04-13T12:32:11.761529788+02:00 level=info msg="Executing migration" id="Migrate logging ds to loki ds"
logger=migrator t=2023-04-13T12:32:11.762741972+02:00 level=info msg="Executing migration" id="Update json_data with nulls"
logger=migrator t=2023-04-13T12:32:11.764340219+02:00 level=info msg="Executing migration" id="Add uid column"
logger=migrator t=2023-04-13T12:32:11.766451167+02:00 level=info msg="Executing migration" id="Update uid value"
logger=migrator t=2023-04-13T12:32:11.768219971+02:00 level=info msg="Executing migration" id="Add unique index datasource_org_id_uid"
logger=migrator t=2023-04-13T12:32:11.769619204+02:00 level=info msg="Executing migration" id="add unique index datasource_org_id_is_default"
logger=migrator t=2023-04-13T12:32:11.771619184+02:00 level=info msg="Executing migration" id="create api_key table"
logger=migrator t=2023-04-13T12:32:11.77362753+02:00 level=info msg="Executing migration" id="add index api_key.account_id"
logger=migrator t=2023-04-13T12:32:11.77544547+02:00 level=info msg="Executing migration" id="add index api_key.key"
logger=migrator t=2023-04-13T12:32:11.777331004+02:00 level=info msg="Executing migration" id="add index api_key.account_id_name"
logger=migrator t=2023-04-13T12:32:11.779250154+02:00 level=info msg="Executing migration" id="drop index IDX_api_key_account_id - v1"
logger=migrator t=2023-04-13T12:32:11.780587855+02:00 level=info msg="Executing migration" id="drop index UQE_api_key_key - v1"
logger=migrator t=2023-04-13T12:32:11.785272767+02:00 level=info msg="Executing migration" id="drop index UQE_api_key_account_id_name - v1"
logger=migrator t=2023-04-13T12:32:11.788379132+02:00 level=info msg="Executing migration" id="Rename table api_key to api_key_v1 - v1"
logger=migrator t=2023-04-13T12:32:11.790350775+02:00 level=info msg="Executing migration" id="create api_key table v2"
logger=migrator t=2023-04-13T12:32:11.792689053+02:00 level=info msg="Executing migration" id="create index IDX_api_key_org_id - v2"
logger=migrator t=2023-04-13T12:32:11.79398349+02:00 level=info msg="Executing migration" id="create index UQE_api_key_key - v2"
logger=migrator t=2023-04-13T12:32:11.795946496+02:00 level=info msg="Executing migration" id="create index UQE_api_key_org_id_name - v2"
logger=migrator t=2023-04-13T12:32:11.79812055+02:00 level=info msg="Executing migration" id="copy api_key v1 to v2"
logger=migrator t=2023-04-13T12:32:11.799646744+02:00 level=info msg="Executing migration" id="Drop old table api_key_v1"
logger=migrator t=2023-04-13T12:32:11.801841308+02:00 level=info msg="Executing migration" id="Update api_key table charset"
logger=migrator t=2023-04-13T12:32:11.803466087+02:00 level=info msg="Executing migration" id="Add expires to api_key table"
logger=migrator t=2023-04-13T12:32:11.805409966+02:00 level=info msg="Executing migration" id="Add service account foreign key"
logger=migrator t=2023-04-13T12:32:11.807056157+02:00 level=info msg="Executing migration" id="set service account foreign key to nil if 0"
logger=migrator t=2023-04-13T12:32:11.808912553+02:00 level=info msg="Executing migration" id="Add last_used_at to api_key table"
logger=migrator t=2023-04-13T12:32:11.810404799+02:00 level=info msg="Executing migration" id="Add is_revoked column to api_key table"
logger=migrator t=2023-04-13T12:32:11.812689661+02:00 level=info msg="Executing migration" id="create dashboard_snapshot table v4"
logger=migrator t=2023-04-13T12:32:11.814093063+02:00 level=info msg="Executing migration" id="drop table dashboard_snapshot_v4 #1"
logger=migrator t=2023-04-13T12:32:11.816267908+02:00 level=info msg="Executing migration" id="create dashboard_snapshot table v5 #2"
logger=migrator t=2023-04-13T12:32:11.818554503+02:00 level=info msg="Executing migration" id="create index UQE_dashboard_snapshot_key - v5"
logger=migrator t=2023-04-13T12:32:11.820490907+02:00 level=info msg="Executing migration" id="create index UQE_dashboard_snapshot_delete_key - v5"
logger=migrator t=2023-04-13T12:32:11.822331342+02:00 level=info msg="Executing migration" id="create index IDX_dashboard_snapshot_user_id - v5"
logger=migrator t=2023-04-13T12:32:11.82419374+02:00 level=info msg="Executing migration" id="alter dashboard_snapshot to mediumtext v2"
logger=migrator t=2023-04-13T12:32:11.826106938+02:00 level=info msg="Executing migration" id="Update dashboard_snapshot table charset"
logger=migrator t=2023-04-13T12:32:11.827686027+02:00 level=info msg="Executing migration" id="Add column external_delete_url to dashboard_snapshots table"
logger=migrator t=2023-04-13T12:32:11.830043733+02:00 level=info msg="Executing migration" id="Add encrypted dashboard json column"
logger=migrator t=2023-04-13T12:32:11.832435466+02:00 level=info msg="Executing migration" id="Change dashboard_encrypted column to MEDIUMBLOB"
logger=migrator t=2023-04-13T12:32:11.833738179+02:00 level=info msg="Executing migration" id="create quota table v1"
logger=migrator t=2023-04-13T12:32:11.836046147+02:00 level=info msg="Executing migration" id="create index UQE_quota_org_id_user_id_target - v1"
logger=migrator t=2023-04-13T12:32:11.837982481+02:00 level=info msg="Executing migration" id="Update quota table charset"
logger=migrator t=2023-04-13T12:32:11.839851492+02:00 level=info msg="Executing migration" id="create plugin_setting table"
logger=migrator t=2023-04-13T12:32:11.84427636+02:00 level=info msg="Executing migration" id="create index UQE_plugin_setting_org_id_plugin_id - v1"
logger=migrator t=2023-04-13T12:32:11.847427233+02:00 level=info msg="Executing migration" id="Add column plugin_version to plugin_settings"
logger=migrator t=2023-04-13T12:32:11.849771152+02:00 level=info msg="Executing migration" id="Update plugin_setting table charset"
logger=migrator t=2023-04-13T12:32:11.85140594+02:00 level=info msg="Executing migration" id="create session table"
logger=migrator t=2023-04-13T12:32:11.853469846+02:00 level=info msg="Executing migration" id="Drop old table playlist table"
logger=migrator t=2023-04-13T12:32:11.855192548+02:00 level=info msg="Executing migration" id="Drop old table playlist_item table"
logger=migrator t=2023-04-13T12:32:11.856506593+02:00 level=info msg="Executing migration" id="create playlist table v2"
logger=migrator t=2023-04-13T12:32:11.858691619+02:00 level=info msg="Executing migration" id="create playlist item table v2"
logger=migrator t=2023-04-13T12:32:11.860689012+02:00 level=info msg="Executing migration" id="Update playlist table charset"
logger=migrator t=2023-04-13T12:32:11.862314082+02:00 level=info msg="Executing migration" id="Update playlist_item table charset"
logger=migrator t=2023-04-13T12:32:11.864721085+02:00 level=info msg="Executing migration" id="drop preferences table v2"
logger=migrator t=2023-04-13T12:32:11.865872008+02:00 level=info msg="Executing migration" id="drop preferences table v3"
logger=migrator t=2023-04-13T12:32:11.867259108+02:00 level=info msg="Executing migration" id="create preferences table v3"
logger=migrator t=2023-04-13T12:32:11.869702473+02:00 level=info msg="Executing migration" id="Update preferences table charset"
logger=migrator t=2023-04-13T12:32:11.873738283+02:00 level=info msg="Executing migration" id="Add column team_id in preferences"
logger=migrator t=2023-04-13T12:32:11.87619796+02:00 level=info msg="Executing migration" id="Update team_id column values in preferences"
logger=migrator t=2023-04-13T12:32:11.878074787+02:00 level=info msg="Executing migration" id="Add column week_start in preferences"
logger=migrator t=2023-04-13T12:32:11.879675588+02:00 level=info msg="Executing migration" id="Add column preferences.json_data"
logger=migrator t=2023-04-13T12:32:11.882116188+02:00 level=info msg="Executing migration" id="alter preferences.json_data to mediumtext v1"
logger=migrator t=2023-04-13T12:32:11.883491354+02:00 level=info msg="Executing migration" id="Add preferences index org_id"
logger=migrator t=2023-04-13T12:32:11.88572749+02:00 level=info msg="Executing migration" id="Add preferences index user_id"
logger=migrator t=2023-04-13T12:32:11.888085557+02:00 level=info msg="Executing migration" id="create alert table v1"
logger=migrator t=2023-04-13T12:32:11.890089865+02:00 level=info msg="Executing migration" id="add index alert org_id & id "
logger=migrator t=2023-04-13T12:32:11.892313216+02:00 level=info msg="Executing migration" id="add index alert state"
logger=migrator t=2023-04-13T12:32:11.894345299+02:00 level=info msg="Executing migration" id="add index alert dashboard_id"
logger=migrator t=2023-04-13T12:32:11.896549582+02:00 level=info msg="Executing migration" id="Create alert_rule_tag table v1"
logger=migrator t=2023-04-13T12:32:11.899058006+02:00 level=info msg="Executing migration" id="Add unique index alert_rule_tag.alert_id_tag_id"
logger=migrator t=2023-04-13T12:32:11.904099352+02:00 level=info msg="Executing migration" id="drop index UQE_alert_rule_tag_alert_id_tag_id - v1"
logger=migrator t=2023-04-13T12:32:11.906774375+02:00 level=info msg="Executing migration" id="Rename table alert_rule_tag to alert_rule_tag_v1 - v1"
logger=migrator t=2023-04-13T12:32:11.909858466+02:00 level=info msg="Executing migration" id="Create alert_rule_tag table v2"
logger=migrator t=2023-04-13T12:32:11.911651346+02:00 level=info msg="Executing migration" id="create index UQE_alert_rule_tag_alert_id_tag_id - Add unique index alert_rule_tag.alert_id_tag_id V2"
logger=migrator t=2023-04-13T12:32:11.913910387+02:00 level=info msg="Executing migration" id="copy alert_rule_tag v1 to v2"
logger=migrator t=2023-04-13T12:32:11.915889886+02:00 level=info msg="Executing migration" id="drop table alert_rule_tag_v1"
logger=migrator t=2023-04-13T12:32:11.917388626+02:00 level=info msg="Executing migration" id="create alert_notification table v1"
logger=migrator t=2023-04-13T12:32:11.919665462+02:00 level=info msg="Executing migration" id="Add column is_default"
logger=migrator t=2023-04-13T12:32:11.921653598+02:00 level=info msg="Executing migration" id="Add column frequency"
logger=migrator t=2023-04-13T12:32:11.923280742+02:00 level=info msg="Executing migration" id="Add column send_reminder"
logger=migrator t=2023-04-13T12:32:11.925435878+02:00 level=info msg="Executing migration" id="Add column disable_resolve_message"
logger=migrator t=2023-04-13T12:32:11.926990007+02:00 level=info msg="Executing migration" id="add index alert_notification org_id & name"
logger=migrator t=2023-04-13T12:32:11.929319648+02:00 level=info msg="Executing migration" id="Update alert table charset"
logger=migrator t=2023-04-13T12:32:11.930586439+02:00 level=info msg="Executing migration" id="Update alert_notification table charset"
logger=migrator t=2023-04-13T12:32:11.935654841+02:00 level=info msg="Executing migration" id="create notification_journal table v1"
logger=migrator t=2023-04-13T12:32:11.938419649+02:00 level=info msg="Executing migration" id="add index notification_journal org_id & alert_id & notifier_id"
logger=migrator t=2023-04-13T12:32:11.940716095+02:00 level=info msg="Executing migration" id="drop alert_notification_journal"
logger=migrator t=2023-04-13T12:32:11.943002179+02:00 level=info msg="Executing migration" id="create alert_notification_state table v1"
logger=migrator t=2023-04-13T12:32:11.944807304+02:00 level=info msg="Executing migration" id="add index alert_notification_state org_id & alert_id & notifier_id"
logger=migrator t=2023-04-13T12:32:11.946181237+02:00 level=info msg="Executing migration" id="Add for to alert table"
logger=migrator t=2023-04-13T12:32:11.948801011+02:00 level=info msg="Executing migration" id="Add column uid in alert_notification"
logger=migrator t=2023-04-13T12:32:11.950722045+02:00 level=info msg="Executing migration" id="Update uid column values in alert_notification"
logger=migrator t=2023-04-13T12:32:11.953140481+02:00 level=info msg="Executing migration" id="Add unique index alert_notification_org_id_uid"
logger=migrator t=2023-04-13T12:32:11.955326237+02:00 level=info msg="Executing migration" id="Remove unique index org_id_name"
logger=migrator t=2023-04-13T12:32:11.956774938+02:00 level=info msg="Executing migration" id="Add column secure_settings in alert_notification"
logger=migrator t=2023-04-13T12:32:11.959505961+02:00 level=info msg="Executing migration" id="alter alert.settings to mediumtext"
logger=migrator t=2023-04-13T12:32:11.960880937+02:00 level=info msg="Executing migration" id="Add non-unique index alert_notification_state_alert_id"
logger=migrator t=2023-04-13T12:32:11.966321501+02:00 level=info msg="Executing migration" id="Add non-unique index alert_rule_tag_alert_id"
logger=migrator t=2023-04-13T12:32:11.968820717+02:00 level=info msg="Executing migration" id="Drop old annotation table v4"
logger=migrator t=2023-04-13T12:32:11.970257294+02:00 level=info msg="Executing migration" id="create annotation table v5"
logger=migrator t=2023-04-13T12:32:11.972438391+02:00 level=info msg="Executing migration" id="add index annotation 0 v3"
logger=migrator t=2023-04-13T12:32:11.97470142+02:00 level=info msg="Executing migration" id="add index annotation 1 v3"
logger=migrator t=2023-04-13T12:32:11.976670379+02:00 level=info msg="Executing migration" id="add index annotation 2 v3"
logger=migrator t=2023-04-13T12:32:11.97887869+02:00 level=info msg="Executing migration" id="add index annotation 3 v3"
logger=migrator t=2023-04-13T12:32:11.980952295+02:00 level=info msg="Executing migration" id="add index annotation 4 v3"
logger=migrator t=2023-04-13T12:32:11.983017173+02:00 level=info msg="Executing migration" id="Update annotation table charset"
logger=migrator t=2023-04-13T12:32:11.985768867+02:00 level=info msg="Executing migration" id="Add column region_id to annotation table"
logger=migrator t=2023-04-13T12:32:11.987532479+02:00 level=info msg="Executing migration" id="Drop category_id index"
logger=migrator t=2023-04-13T12:32:11.989810568+02:00 level=info msg="Executing migration" id="Add column tags to annotation table"
logger=migrator t=2023-04-13T12:32:11.994713661+02:00 level=info msg="Executing migration" id="Create annotation_tag table v2"
logger=migrator t=2023-04-13T12:32:11.996928053+02:00 level=info msg="Executing migration" id="Add unique index annotation_tag.annotation_id_tag_id"
logger=migrator t=2023-04-13T12:32:11.999312362+02:00 level=info msg="Executing migration" id="drop index UQE_annotation_tag_annotation_id_tag_id - v2"
logger=migrator t=2023-04-13T12:32:12.001318103+02:00 level=info msg="Executing migration" id="Rename table annotation_tag to annotation_tag_v2 - v2"
logger=migrator t=2023-04-13T12:32:12.003918499+02:00 level=info msg="Executing migration" id="Create annotation_tag table v3"
logger=migrator t=2023-04-13T12:32:12.006432731+02:00 level=info msg="Executing migration" id="create index UQE_annotation_tag_annotation_id_tag_id - Add unique index annotation_tag.annotation_id_tag_id V3"
logger=migrator t=2023-04-13T12:32:12.008935702+02:00 level=info msg="Executing migration" id="copy annotation_tag v2 to v3"
logger=migrator t=2023-04-13T12:32:12.010345394+02:00 level=info msg="Executing migration" id="drop table annotation_tag_v2"
logger=migrator t=2023-04-13T12:32:12.012699982+02:00 level=info msg="Executing migration" id="Update alert annotations and set TEXT to empty"
logger=migrator t=2023-04-13T12:32:12.014064054+02:00 level=info msg="Executing migration" id="Add created time to annotation table"
logger=migrator t=2023-04-13T12:32:12.016802509+02:00 level=info msg="Executing migration" id="Add updated time to annotation table"
logger=migrator t=2023-04-13T12:32:12.019075615+02:00 level=info msg="Executing migration" id="Add index for created in annotation table"
logger=migrator t=2023-04-13T12:32:12.020708067+02:00 level=info msg="Executing migration" id="Add index for updated in annotation table"
logger=migrator t=2023-04-13T12:32:12.02321177+02:00 level=info msg="Executing migration" id="Convert existing annotations from seconds to milliseconds"
logger=migrator t=2023-04-13T12:32:12.025085869+02:00 level=info msg="Executing migration" id="Add epoch_end column"
logger=migrator t=2023-04-13T12:32:12.028418016+02:00 level=info msg="Executing migration" id="Add index for epoch_end"
logger=migrator t=2023-04-13T12:32:12.030762263+02:00 level=info msg="Executing migration" id="Make epoch_end the same as epoch"
logger=migrator t=2023-04-13T12:32:12.032745267+02:00 level=info msg="Executing migration" id="Move region to single row"
logger=migrator t=2023-04-13T12:32:12.035023784+02:00 level=info msg="Executing migration" id="Remove index org_id_epoch from annotation table"
logger=migrator t=2023-04-13T12:32:12.036513274+02:00 level=info msg="Executing migration" id="Remove index org_id_dashboard_id_panel_id_epoch from annotation table"
logger=migrator t=2023-04-13T12:32:12.038745891+02:00 level=info msg="Executing migration" id="Add index for org_id_dashboard_id_epoch_end_epoch on annotation table"
logger=migrator t=2023-04-13T12:32:12.040409033+02:00 level=info msg="Executing migration" id="Add index for org_id_epoch_end_epoch on annotation table"
logger=migrator t=2023-04-13T12:32:12.042742469+02:00 level=info msg="Executing migration" id="Remove index org_id_epoch_epoch_end from annotation table"
logger=migrator t=2023-04-13T12:32:12.044118564+02:00 level=info msg="Executing migration" id="Add index for alert_id on annotation table"
logger=migrator t=2023-04-13T12:32:12.046489515+02:00 level=info msg="Executing migration" id="Increase tags column to length 4096"
logger=migrator t=2023-04-13T12:32:12.048455845+02:00 level=info msg="Executing migration" id="create test_data table"
logger=migrator t=2023-04-13T12:32:12.050562444+02:00 level=info msg="Executing migration" id="create dashboard_version table v1"
logger=migrator t=2023-04-13T12:32:12.05306818+02:00 level=info msg="Executing migration" id="add index dashboard_version.dashboard_id"
logger=migrator t=2023-04-13T12:32:12.05544434+02:00 level=info msg="Executing migration" id="add unique index dashboard_version.dashboard_id and dashboard_version.version"
logger=migrator t=2023-04-13T12:32:12.057399909+02:00 level=info msg="Executing migration" id="Set dashboard version to 1 where 0"
logger=migrator t=2023-04-13T12:32:12.05937131+02:00 level=info msg="Executing migration" id="save existing dashboard data in dashboard_version table v1"
logger=migrator t=2023-04-13T12:32:12.060727057+02:00 level=info msg="Executing migration" id="alter dashboard_version.data to mediumtext v1"
logger=migrator t=2023-04-13T12:32:12.063343371+02:00 level=info msg="Executing migration" id="create team table"
logger=migrator t=2023-04-13T12:32:12.065963782+02:00 level=info msg="Executing migration" id="add index team.org_id"
logger=migrator t=2023-04-13T12:32:12.068416173+02:00 level=info msg="Executing migration" id="add unique index team_org_id_name"
logger=migrator t=2023-04-13T12:32:12.071148186+02:00 level=info msg="Executing migration" id="create team member table"
logger=migrator t=2023-04-13T12:32:12.073464618+02:00 level=info msg="Executing migration" id="add index team_member.org_id"
logger=migrator t=2023-04-13T12:32:12.076000273+02:00 level=info msg="Executing migration" id="add unique index team_member_org_id_team_id_user_id"
logger=migrator t=2023-04-13T12:32:12.078371744+02:00 level=info msg="Executing migration" id="add index team_member.team_id"
logger=migrator t=2023-04-13T12:32:12.080649429+02:00 level=info msg="Executing migration" id="Add column email to team table"
logger=migrator t=2023-04-13T12:32:12.083215223+02:00 level=info msg="Executing migration" id="Add column external to team_member table"
logger=migrator t=2023-04-13T12:32:12.089344641+02:00 level=info msg="Executing migration" id="Add column permission to team_member table"
logger=migrator t=2023-04-13T12:32:12.09199893+02:00 level=info msg="Executing migration" id="create dashboard acl table"
logger=migrator t=2023-04-13T12:32:12.094140908+02:00 level=info msg="Executing migration" id="add index dashboard_acl_dashboard_id"
logger=migrator t=2023-04-13T12:32:12.096354127+02:00 level=info msg="Executing migration" id="add unique index dashboard_acl_dashboard_id_user_id"
logger=migrator t=2023-04-13T12:32:12.09859014+02:00 level=info msg="Executing migration" id="add unique index dashboard_acl_dashboard_id_team_id"
logger=migrator t=2023-04-13T12:32:12.100892454+02:00 level=info msg="Executing migration" id="add index dashboard_acl_user_id"
logger=migrator t=2023-04-13T12:32:12.103590529+02:00 level=info msg="Executing migration" id="add index dashboard_acl_team_id"
logger=migrator t=2023-04-13T12:32:12.105781814+02:00 level=info msg="Executing migration" id="add index dashboard_acl_org_id_role"
logger=migrator t=2023-04-13T12:32:12.109072319+02:00 level=info msg="Executing migration" id="add index dashboard_permission"
logger=migrator t=2023-04-13T12:32:12.11156538+02:00 level=info msg="Executing migration" id="save default acl rules in dashboard_acl table"
logger=migrator t=2023-04-13T12:32:12.116841003+02:00 level=info msg="Executing migration" id="delete acl rules for deleted dashboards and folders"
logger=migrator t=2023-04-13T12:32:12.119471084+02:00 level=info msg="Executing migration" id="create tag table"
logger=migrator t=2023-04-13T12:32:12.12157197+02:00 level=info msg="Executing migration" id="add index tag.key_value"
logger=migrator t=2023-04-13T12:32:12.123509003+02:00 level=info msg="Executing migration" id="create login attempt table"
logger=migrator t=2023-04-13T12:32:12.125464243+02:00 level=info msg="Executing migration" id="add index login_attempt.username"
logger=migrator t=2023-04-13T12:32:12.127397199+02:00 level=info msg="Executing migration" id="drop index IDX_login_attempt_username - v1"
logger=migrator t=2023-04-13T12:32:12.1293842+02:00 level=info msg="Executing migration" id="Rename table login_attempt to login_attempt_tmp_qwerty - v1"
logger=migrator t=2023-04-13T12:32:12.132864369+02:00 level=info msg="Executing migration" id="create login_attempt v2"
logger=migrator t=2023-04-13T12:32:12.134796543+02:00 level=info msg="Executing migration" id="create index IDX_login_attempt_username - v2"
logger=migrator t=2023-04-13T12:32:12.13685232+02:00 level=info msg="Executing migration" id="copy login_attempt v1 to v2"
logger=migrator t=2023-04-13T12:32:12.138985391+02:00 level=info msg="Executing migration" id="drop login_attempt_tmp_qwerty"
logger=migrator t=2023-04-13T12:32:12.140579116+02:00 level=info msg="Executing migration" id="create user auth table"
logger=migrator t=2023-04-13T12:32:12.146862058+02:00 level=info msg="Executing migration" id="create index IDX_user_auth_auth_module_auth_id - v1"
logger=migrator t=2023-04-13T12:32:12.149455676+02:00 level=info msg="Executing migration" id="alter user_auth.auth_id to length 190"
logger=migrator t=2023-04-13T12:32:12.151370596+02:00 level=info msg="Executing migration" id="Add OAuth access token to user_auth"
logger=migrator t=2023-04-13T12:32:12.153115+02:00 level=info msg="Executing migration" id="Add OAuth refresh token to user_auth"
logger=migrator t=2023-04-13T12:32:12.155817643+02:00 level=info msg="Executing migration" id="Add OAuth token type to user_auth"
logger=migrator t=2023-04-13T12:32:12.15825759+02:00 level=info msg="Executing migration" id="Add OAuth expiry to user_auth"
logger=migrator t=2023-04-13T12:32:12.160672576+02:00 level=info msg="Executing migration" id="Add index to user_id column in user_auth"
logger=migrator t=2023-04-13T12:32:12.165987026+02:00 level=info msg="Executing migration" id="Add OAuth ID token to user_auth"
logger=migrator t=2023-04-13T12:32:12.168666976+02:00 level=info msg="Executing migration" id="create server_lock table"
logger=migrator t=2023-04-13T12:32:12.17086308+02:00 level=info msg="Executing migration" id="add index server_lock.operation_uid"
logger=migrator t=2023-04-13T12:32:12.17314289+02:00 level=info msg="Executing migration" id="create user auth token table"
logger=migrator t=2023-04-13T12:32:12.175679367+02:00 level=info msg="Executing migration" id="add unique index user_auth_token.auth_token"
logger=migrator t=2023-04-13T12:32:12.177604546+02:00 level=info msg="Executing migration" id="add unique index user_auth_token.prev_auth_token"
logger=migrator t=2023-04-13T12:32:12.179642238+02:00 level=info msg="Executing migration" id="add index user_auth_token.user_id"
logger=migrator t=2023-04-13T12:32:12.181501718+02:00 level=info msg="Executing migration" id="Add revoked_at to the user auth token"
logger=migrator t=2023-04-13T12:32:12.183272654+02:00 level=info msg="Executing migration" id="create cache_data table"
logger=migrator t=2023-04-13T12:32:12.185409762+02:00 level=info msg="Executing migration" id="add unique index cache_data.cache_key"
logger=migrator t=2023-04-13T12:32:12.189985784+02:00 level=info msg="Executing migration" id="create short_url table v1"
logger=migrator t=2023-04-13T12:32:12.192440259+02:00 level=info msg="Executing migration" id="add index short_url.org_id-uid"
logger=migrator t=2023-04-13T12:32:12.194589721+02:00 level=info msg="Executing migration" id="alter table short_url alter column created_by type to bigint"
logger=migrator t=2023-04-13T12:32:12.196589869+02:00 level=info msg="Executing migration" id="delete alert_definition table"
logger=migrator t=2023-04-13T12:32:12.198464049+02:00 level=info msg="Executing migration" id="recreate alert_definition table"
logger=migrator t=2023-04-13T12:32:12.200706545+02:00 level=info msg="Executing migration" id="add index in alert_definition on org_id and title columns"
logger=migrator t=2023-04-13T12:32:12.202705901+02:00 level=info msg="Executing migration" id="add index in alert_definition on org_id and uid columns"
logger=migrator t=2023-04-13T12:32:12.20480281+02:00 level=info msg="Executing migration" id="alter alert_definition table data column to mediumtext in mysql"
logger=migrator t=2023-04-13T12:32:12.206216841+02:00 level=info msg="Executing migration" id="drop index in alert_definition on org_id and title columns"
logger=migrator t=2023-04-13T12:32:12.208366924+02:00 level=info msg="Executing migration" id="drop index in alert_definition on org_id and uid columns"
logger=migrator t=2023-04-13T12:32:12.209933667+02:00 level=info msg="Executing migration" id="add unique index in alert_definition on org_id and title columns"
logger=migrator t=2023-04-13T12:32:12.2121444+02:00 level=info msg="Executing migration" id="add unique index in alert_definition on org_id and uid columns"
logger=migrator t=2023-04-13T12:32:12.214064881+02:00 level=info msg="Executing migration" id="Add column paused in alert_definition"
logger=migrator t=2023-04-13T12:32:12.220011097+02:00 level=info msg="Executing migration" id="drop alert_definition table"
logger=migrator t=2023-04-13T12:32:12.222433589+02:00 level=info msg="Executing migration" id="delete alert_definition_version table"
logger=migrator t=2023-04-13T12:32:12.223921045+02:00 level=info msg="Executing migration" id="recreate alert_definition_version table"
logger=migrator t=2023-04-13T12:32:12.226494283+02:00 level=info msg="Executing migration" id="add index in alert_definition_version table on alert_definition_id and version columns"
logger=migrator t=2023-04-13T12:32:12.228487838+02:00 level=info msg="Executing migration" id="add index in alert_definition_version table on alert_definition_uid and version columns"
logger=migrator t=2023-04-13T12:32:12.229938552+02:00 level=info msg="Executing migration" id="alter alert_definition_version table data column to mediumtext in mysql"
logger=migrator t=2023-04-13T12:32:12.232012595+02:00 level=info msg="Executing migration" id="drop alert_definition_version table"
logger=migrator t=2023-04-13T12:32:12.233611511+02:00 level=info msg="Executing migration" id="create alert_instance table"
logger=migrator t=2023-04-13T12:32:12.236218437+02:00 level=info msg="Executing migration" id="add index in alert_instance table on def_org_id, def_uid and current_state columns"
logger=migrator t=2023-04-13T12:32:12.238229376+02:00 level=info msg="Executing migration" id="add index in alert_instance table on def_org_id, current_state columns"
logger=migrator t=2023-04-13T12:32:12.24035943+02:00 level=info msg="Executing migration" id="add column current_state_end to alert_instance"
logger=migrator t=2023-04-13T12:32:12.242622126+02:00 level=info msg="Executing migration" id="remove index def_org_id, def_uid, current_state on alert_instance"
logger=migrator t=2023-04-13T12:32:12.247632716+02:00 level=info msg="Executing migration" id="remove index def_org_id, current_state on alert_instance"
logger=migrator t=2023-04-13T12:32:12.250255532+02:00 level=info msg="Executing migration" id="rename def_org_id to rule_org_id in alert_instance"
logger=migrator t=2023-04-13T12:32:12.255329708+02:00 level=info msg="Executing migration" id="rename def_uid to rule_uid in alert_instance"
logger=migrator t=2023-04-13T12:32:12.260043371+02:00 level=info msg="Executing migration" id="add index rule_org_id, rule_uid, current_state on alert_instance"
logger=migrator t=2023-04-13T12:32:12.26217584+02:00 level=info msg="Executing migration" id="add index rule_org_id, current_state on alert_instance"
logger=migrator t=2023-04-13T12:32:12.263884774+02:00 level=info msg="Executing migration" id="add current_reason column related to current_state"
logger=migrator t=2023-04-13T12:32:12.266769027+02:00 level=info msg="Executing migration" id="create alert_rule table"
logger=migrator t=2023-04-13T12:32:12.268743845+02:00 level=info msg="Executing migration" id="add index in alert_rule on org_id and title columns"
logger=migrator t=2023-04-13T12:32:12.270988164+02:00 level=info msg="Executing migration" id="add index in alert_rule on org_id and uid columns"
logger=migrator t=2023-04-13T12:32:12.276350087+02:00 level=info msg="Executing migration" id="add index in alert_rule on org_id, namespace_uid, group_uid columns"
logger=migrator t=2023-04-13T12:32:12.278552835+02:00 level=info msg="Executing migration" id="alter alert_rule table data column to mediumtext in mysql"
logger=migrator t=2023-04-13T12:32:12.280023287+02:00 level=info msg="Executing migration" id="add column for to alert_rule"
logger=migrator t=2023-04-13T12:32:12.282223991+02:00 level=info msg="Executing migration" id="add column annotations to alert_rule"
logger=migrator t=2023-04-13T12:32:12.284206544+02:00 level=info msg="Executing migration" id="add column labels to alert_rule"
logger=migrator t=2023-04-13T12:32:12.286540892+02:00 level=info msg="Executing migration" id="remove unique index from alert_rule on org_id, title columns"
logger=migrator t=2023-04-13T12:32:12.288413698+02:00 level=info msg="Executing migration" id="add index in alert_rule on org_id, namespase_uid and title columns"
logger=migrator t=2023-04-13T12:32:12.289920442+02:00 level=info msg="Executing migration" id="add dashboard_uid column to alert_rule"
logger=migrator t=2023-04-13T12:32:12.292600312+02:00 level=info msg="Executing migration" id="add panel_id column to alert_rule"
logger=migrator t=2023-04-13T12:32:12.294839812+02:00 level=info msg="Executing migration" id="add index in alert_rule on org_id, dashboard_uid and panel_id columns"
logger=migrator t=2023-04-13T12:32:12.296623502+02:00 level=info msg="Executing migration" id="add rule_group_idx column to alert_rule"
logger=migrator t=2023-04-13T12:32:12.299016536+02:00 level=info msg="Executing migration" id="create alert_rule_version table"
logger=migrator t=2023-04-13T12:32:12.301125839+02:00 level=info msg="Executing migration" id="add index in alert_rule_version table on rule_org_id, rule_uid and version columns"
logger=migrator t=2023-04-13T12:32:12.303987948+02:00 level=info msg="Executing migration" id="add index in alert_rule_version table on rule_org_id, rule_namespace_uid and rule_group columns"
logger=migrator t=2023-04-13T12:32:12.305984308+02:00 level=info msg="Executing migration" id="alter alert_rule_version table data column to mediumtext in mysql"
logger=migrator t=2023-04-13T12:32:12.307299334+02:00 level=info msg="Executing migration" id="add column for to alert_rule_version"
logger=migrator t=2023-04-13T12:32:12.309690704+02:00 level=info msg="Executing migration" id="add column annotations to alert_rule_version"
logger=migrator t=2023-04-13T12:32:12.312032937+02:00 level=info msg="Executing migration" id="add column labels to alert_rule_version"
logger=migrator t=2023-04-13T12:32:12.313967445+02:00 level=info msg="Executing migration" id="add rule_group_idx column to alert_rule_version"
logger=migrator t=2023-04-13T12:32:12.316714938+02:00 level=info msg="Executing migration" id=create_alert_configuration_table
logger=migrator t=2023-04-13T12:32:12.319267627+02:00 level=info msg="Executing migration" id="Add column default in alert_configuration"
logger=migrator t=2023-04-13T12:32:12.321499772+02:00 level=info msg="Executing migration" id="alert alert_configuration alertmanager_configuration column from TEXT to MEDIUMTEXT if mysql"
logger=migrator t=2023-04-13T12:32:12.322946458+02:00 level=info msg="Executing migration" id="add column org_id in alert_configuration"
logger=migrator t=2023-04-13T12:32:12.325239764+02:00 level=info msg="Executing migration" id="add index in alert_configuration table on org_id column"
logger=migrator t=2023-04-13T12:32:12.328649625+02:00 level=info msg="Executing migration" id="add configuration_hash column to alert_configuration"
logger=migrator t=2023-04-13T12:32:12.330798787+02:00 level=info msg="Executing migration" id=create_ngalert_configuration_table
logger=migrator t=2023-04-13T12:32:12.33330796+02:00 level=info msg="Executing migration" id="add index in ngalert_configuration on org_id column"
logger=migrator t=2023-04-13T12:32:12.335605424+02:00 level=info msg="Executing migration" id="add column send_alerts_to in ngalert_configuration"
logger=migrator t=2023-04-13T12:32:12.33747822+02:00 level=info msg="Executing migration" id="create provenance_type table"
logger=migrator t=2023-04-13T12:32:12.339865241+02:00 level=info msg="Executing migration" id="add index to uniquify (record_key, record_type, org_id) columns"
logger=migrator t=2023-04-13T12:32:12.341879798+02:00 level=info msg="Executing migration" id="create alert_image table"
logger=migrator t=2023-04-13T12:32:12.346124076+02:00 level=info msg="Executing migration" id="add unique index on token to alert_image table"
logger=migrator t=2023-04-13T12:32:12.34935259+02:00 level=info msg="Executing migration" id="support longer URLs in alert_image table"
logger=migrator t=2023-04-13T12:32:12.351430309+02:00 level=info msg="Executing migration" id="clear migration entry \"remove unified alerting data\""
logger=migrator t=2023-04-13T12:32:12.351611066+02:00 level=info msg="Executing migration" id="move dashboard alerts to unified alerting"
logger=migrator t=2023-04-13T12:32:12.351742676+02:00 level=info msg="alerts found to migrate" alerts=0
logger=migrator t=2023-04-13T12:32:12.353206004+02:00 level=info msg="Executing migration" id="create library_element table v1"
logger=migrator t=2023-04-13T12:32:12.355436887+02:00 level=info msg="Executing migration" id="add index library_element org_id-folder_id-name-kind"
logger=migrator t=2023-04-13T12:32:12.357797887+02:00 level=info msg="Executing migration" id="create library_element_connection table v1"
logger=migrator t=2023-04-13T12:32:12.359928623+02:00 level=info msg="Executing migration" id="add index library_element_connection element_id-kind-connection_id"
logger=migrator t=2023-04-13T12:32:12.3620655+02:00 level=info msg="Executing migration" id="add unique index library_element org_id_uid"
logger=migrator t=2023-04-13T12:32:12.365554397+02:00 level=info msg="Executing migration" id="increase max description length to 2048"
logger=migrator t=2023-04-13T12:32:12.367019448+02:00 level=info msg="Executing migration" id="clone move dashboard alerts to unified alerting"
logger=migrator t=2023-04-13T12:32:12.369344367+02:00 level=info msg="Executing migration" id="create data_keys table"
logger=migrator t=2023-04-13T12:32:12.371413601+02:00 level=info msg="Executing migration" id="create secrets table"
logger=migrator t=2023-04-13T12:32:12.373532454+02:00 level=info msg="Executing migration" id="rename data_keys name column to id"
logger=migrator t=2023-04-13T12:32:12.379662112+02:00 level=info msg="Executing migration" id="add name column into data_keys"
logger=migrator t=2023-04-13T12:32:12.382342543+02:00 level=info msg="Executing migration" id="copy data_keys id column values into name"
logger=migrator t=2023-04-13T12:32:12.383743859+02:00 level=info msg="Executing migration" id="rename data_keys name column to label"
logger=migrator t=2023-04-13T12:32:12.389738471+02:00 level=info msg="Executing migration" id="rename data_keys id column back to name"
logger=migrator t=2023-04-13T12:32:12.395381649+02:00 level=info msg="Executing migration" id="create kv_store table v1"
logger=migrator t=2023-04-13T12:32:12.397776425+02:00 level=info msg="Executing migration" id="add index kv_store.org_id-namespace-key"
logger=migrator t=2023-04-13T12:32:12.399994794+02:00 level=info msg="Executing migration" id="update dashboard_uid and panel_id from existing annotations"
logger=migrator t=2023-04-13T12:32:12.405179868+02:00 level=info msg="Executing migration" id="create permission table"
logger=migrator t=2023-04-13T12:32:12.407585938+02:00 level=info msg="Executing migration" id="add unique index permission.role_id"
logger=migrator t=2023-04-13T12:32:12.409782533+02:00 level=info msg="Executing migration" id="add unique index role_id_action_scope"
logger=migrator t=2023-04-13T12:32:12.412192149+02:00 level=info msg="Executing migration" id="create role table"
logger=migrator t=2023-04-13T12:32:12.414237917+02:00 level=info msg="Executing migration" id="add column display_name"
logger=migrator t=2023-04-13T12:32:12.416696169+02:00 level=info msg="Executing migration" id="add column group_name"
logger=migrator t=2023-04-13T12:32:12.419137989+02:00 level=info msg="Executing migration" id="add index role.org_id"
logger=migrator t=2023-04-13T12:32:12.421374543+02:00 level=info msg="Executing migration" id="add unique index role_org_id_name"
logger=migrator t=2023-04-13T12:32:12.423640245+02:00 level=info msg="Executing migration" id="add index role_org_id_uid"
logger=migrator t=2023-04-13T12:32:12.425906208+02:00 level=info msg="Executing migration" id="create team role table"
logger=migrator t=2023-04-13T12:32:12.428081832+02:00 level=info msg="Executing migration" id="add index team_role.org_id"
logger=migrator t=2023-04-13T12:32:12.432957876+02:00 level=info msg="Executing migration" id="add unique index team_role_org_id_team_id_role_id"
logger=migrator t=2023-04-13T12:32:12.43531124+02:00 level=info msg="Executing migration" id="add index team_role.team_id"
logger=migrator t=2023-04-13T12:32:12.43778792+02:00 level=info msg="Executing migration" id="create user role table"
logger=migrator t=2023-04-13T12:32:12.440001949+02:00 level=info msg="Executing migration" id="add index user_role.org_id"
logger=migrator t=2023-04-13T12:32:12.442363531+02:00 level=info msg="Executing migration" id="add unique index user_role_org_id_user_id_role_id"
logger=migrator t=2023-04-13T12:32:12.444665314+02:00 level=info msg="Executing migration" id="add index user_role.user_id"
logger=migrator t=2023-04-13T12:32:12.446793094+02:00 level=info msg="Executing migration" id="create builtin role table"
logger=migrator t=2023-04-13T12:32:12.448761348+02:00 level=info msg="Executing migration" id="add index builtin_role.role_id"
logger=migrator t=2023-04-13T12:32:12.450827687+02:00 level=info msg="Executing migration" id="add index builtin_role.name"
logger=migrator t=2023-04-13T12:32:12.453911434+02:00 level=info msg="Executing migration" id="Add column org_id to builtin_role table"
logger=migrator t=2023-04-13T12:32:12.456400887+02:00 level=info msg="Executing migration" id="add index builtin_role.org_id"
logger=migrator t=2023-04-13T12:32:12.459245933+02:00 level=info msg="Executing migration" id="add unique index builtin_role_org_id_role_id_role"
logger=migrator t=2023-04-13T12:32:12.461710156+02:00 level=info msg="Executing migration" id="Remove unique index role_org_id_uid"
logger=migrator t=2023-04-13T12:32:12.464806158+02:00 level=info msg="Executing migration" id="add unique index role.uid"
logger=migrator t=2023-04-13T12:32:12.466935039+02:00 level=info msg="Executing migration" id="create seed assignment table"
logger=migrator t=2023-04-13T12:32:12.468991818+02:00 level=info msg="Executing migration" id="add unique index builtin_role_role_name"
logger=migrator t=2023-04-13T12:32:12.471005583+02:00 level=info msg="Executing migration" id="add column hidden to role table"
logger=migrator t=2023-04-13T12:32:12.473540576+02:00 level=info msg="Executing migration" id="create query_history table v1"
logger=migrator t=2023-04-13T12:32:12.475434064+02:00 level=info msg="Executing migration" id="add index query_history.org_id-created_by-datasource_uid"
logger=migrator t=2023-04-13T12:32:12.47785861+02:00 level=info msg="Executing migration" id="alter table query_history alter column created_by type to bigint"
logger=migrator t=2023-04-13T12:32:12.480066377+02:00 level=info msg="Executing migration" id="teams permissions migration"
logger=migrator t=2023-04-13T12:32:12.482207994+02:00 level=info msg="Executing migration" id="dashboard permissions"
logger=migrator t=2023-04-13T12:32:12.484007436+02:00 level=info msg="Executing migration" id="dashboard permissions uid scopes"
logger=migrator t=2023-04-13T12:32:12.486302156+02:00 level=info msg="Executing migration" id="drop managed folder create actions"
logger=migrator t=2023-04-13T12:32:12.491298798+02:00 level=info msg="Executing migration" id="alerting notification permissions"
logger=migrator t=2023-04-13T12:32:12.493942506+02:00 level=info msg="Executing migration" id="create query_history_star table v1"
logger=migrator t=2023-04-13T12:32:12.495888678+02:00 level=info msg="Executing migration" id="add index query_history.user_id-query_uid"
logger=migrator t=2023-04-13T12:32:12.497851611+02:00 level=info msg="Executing migration" id="add column org_id in query_history_star"
logger=migrator t=2023-04-13T12:32:12.500333741+02:00 level=info msg="Executing migration" id="alter table query_history_star_mig column user_id type to bigint"
logger=migrator t=2023-04-13T12:32:12.502106579+02:00 level=info msg="Executing migration" id="create correlation table v1"
logger=migrator t=2023-04-13T12:32:12.504227616+02:00 level=info msg="Executing migration" id="add index correlations.uid"
logger=migrator t=2023-04-13T12:32:12.506132486+02:00 level=info msg="Executing migration" id="add index correlations.source_uid"
logger=migrator t=2023-04-13T12:32:12.50811059+02:00 level=info msg="Executing migration" id="add correlation config column"
logger=migrator t=2023-04-13T12:32:12.510162321+02:00 level=info msg="Executing migration" id="create entity_events table"
logger=migrator t=2023-04-13T12:32:12.512677434+02:00 level=info msg="Executing migration" id="create dashboard public config v1"
logger=migrator t=2023-04-13T12:32:12.514856846+02:00 level=info msg="Executing migration" id="drop index UQE_dashboard_public_config_uid - v1"
logger=migrator t=2023-04-13T12:32:12.514966462+02:00 level=warn msg="Skipping migration: Already executed, but not recorded in migration log" id="drop index UQE_dashboard_public_config_uid - v1"
logger=migrator t=2023-04-13T12:32:12.516450311+02:00 level=info msg="Executing migration" id="drop index IDX_dashboard_public_config_org_id_dashboard_uid - v1"
logger=migrator t=2023-04-13T12:32:12.51655132+02:00 level=warn msg="Skipping migration: Already executed, but not recorded in migration log" id="drop index IDX_dashboard_public_config_org_id_dashboard_uid - v1"
logger=migrator t=2023-04-13T12:32:12.518787233+02:00 level=info msg="Executing migration" id="Drop old dashboard public config table"
logger=migrator t=2023-04-13T12:32:12.520568419+02:00 level=info msg="Executing migration" id="recreate dashboard public config v1"
logger=migrator t=2023-04-13T12:32:12.522923227+02:00 level=info msg="Executing migration" id="create index UQE_dashboard_public_config_uid - v1"
logger=migrator t=2023-04-13T12:32:12.524965478+02:00 level=info msg="Executing migration" id="create index IDX_dashboard_public_config_org_id_dashboard_uid - v1"
logger=migrator t=2023-04-13T12:32:12.526935977+02:00 level=info msg="Executing migration" id="drop index UQE_dashboard_public_config_uid - v2"
logger=migrator t=2023-04-13T12:32:12.529178604+02:00 level=info msg="Executing migration" id="drop index IDX_dashboard_public_config_org_id_dashboard_uid - v2"
logger=migrator t=2023-04-13T12:32:12.530662041+02:00 level=info msg="Executing migration" id="Drop public config table"
logger=migrator t=2023-04-13T12:32:12.535793901+02:00 level=info msg="Executing migration" id="Recreate dashboard public config v2"
logger=migrator t=2023-04-13T12:32:12.538332992+02:00 level=info msg="Executing migration" id="create index UQE_dashboard_public_config_uid - v2"
logger=migrator t=2023-04-13T12:32:12.539954983+02:00 level=info msg="Executing migration" id="create index IDX_dashboard_public_config_org_id_dashboard_uid - v2"
logger=migrator t=2023-04-13T12:32:12.54244094+02:00 level=info msg="Executing migration" id="create index UQE_dashboard_public_config_access_token - v2"
logger=migrator t=2023-04-13T12:32:12.54454868+02:00 level=info msg="Executing migration" id="Rename table dashboard_public_config to dashboard_public - v2"
logger=migrator t=2023-04-13T12:32:12.549331+02:00 level=info msg="Executing migration" id="add annotations_enabled column"
logger=migrator t=2023-04-13T12:32:12.552291363+02:00 level=info msg="Executing migration" id="create default alerting folders"
logger=migrator t=2023-04-13T12:32:12.554190541+02:00 level=info msg="Executing migration" id="create file table"
logger=migrator t=2023-04-13T12:32:12.556844249+02:00 level=info msg="Executing migration" id="file table idx: path natural pk"
logger=migrator t=2023-04-13T12:32:12.559685698+02:00 level=info msg="Executing migration" id="file table idx: parent_folder_path_hash fast folder retrieval"
logger=migrator t=2023-04-13T12:32:12.563354709+02:00 level=info msg="Executing migration" id="create file_meta table"
logger=migrator t=2023-04-13T12:32:12.565558649+02:00 level=info msg="Executing migration" id="file table idx: path key"
logger=migrator t=2023-04-13T12:32:12.567766498+02:00 level=info msg="Executing migration" id="set path collation in file table"
logger=migrator t=2023-04-13T12:32:12.569949616+02:00 level=info msg="Executing migration" id="managed permissions migration"
logger=migrator t=2023-04-13T12:32:12.571885096+02:00 level=info msg="Executing migration" id="managed folder permissions alert actions migration"
logger=migrator t=2023-04-13T12:32:12.573213879+02:00 level=info msg="Executing migration" id="RBAC action name migrator"
logger=migrator t=2023-04-13T12:32:12.575255329+02:00 level=info msg="Executing migration" id="Add UID column to playlist"
logger=migrator t=2023-04-13T12:32:12.577392016+02:00 level=info msg="Executing migration" id="Update uid column values in playlist"
logger=migrator t=2023-04-13T12:32:12.579381472+02:00 level=info msg="Executing migration" id="Add index for uid in playlist"
logger=migrator t=2023-04-13T12:32:12.581485956+02:00 level=info msg="Executing migration" id="update group index for alert rules"
logger=migrator t=2023-04-13T12:32:12.582818276+02:00 level=info msg="Executing migration" id="managed folder permissions alert actions repeated migration"
logger=migrator t=2023-04-13T12:32:12.584705401+02:00 level=info msg="Executing migration" id="admin only folder/dashboard permission"
logger=migrator t=2023-04-13T12:32:12.585989395+02:00 level=info msg="Executing migration" id="add action column to seed_assignment"
logger=migrator t=2023-04-13T12:32:12.590673551+02:00 level=info msg="Executing migration" id="add scope column to seed_assignment"
logger=migrator t=2023-04-13T12:32:12.593478276+02:00 level=info msg="Executing migration" id="remove unique index builtin_role_role_name before nullable update"
logger=migrator t=2023-04-13T12:32:12.599228506+02:00 level=info msg="Executing migration" id="update seed_assignment role_name column to nullable"
logger=migrator t=2023-04-13T12:32:12.610872538+02:00 level=info msg="Executing migration" id="add unique index builtin_role_name back"
logger=migrator t=2023-04-13T12:32:12.613204301+02:00 level=info msg="Executing migration" id="add unique index builtin_role_action_scope"
logger=migrator t=2023-04-13T12:32:12.615411187+02:00 level=info msg="Executing migration" id="add primary key to seed_assigment"
logger=migrator t=2023-04-13T12:32:12.620389653+02:00 level=info msg="Executing migration" id="managed folder permissions alert actions repeated fixed migration"
logger=migrator t=2023-04-13T12:32:12.622328069+02:00 level=info msg="Executing migration" id="migrate external alertmanagers to datsourcse"
logger=migrator t=2023-04-13T12:32:12.623851156+02:00 level=info msg="Executing migration" id="create data_source_usage_by_day table"
logger=migrator t=2023-04-13T12:32:12.625837195+02:00 level=info msg="Executing migration" id="create data_source_usage_by_day(data_source_id) index"
logger=migrator t=2023-04-13T12:32:12.627909576+02:00 level=info msg="Executing migration" id="create data_source_usage_by_day(data_source_id, day) unique index"
logger=migrator t=2023-04-13T12:32:12.629882971+02:00 level=info msg="Executing migration" id="create dashboard_usage_by_day table"
logger=migrator t=2023-04-13T12:32:12.631976533+02:00 level=info msg="Executing migration" id="create dashboard_usage_sums table"
logger=migrator t=2023-04-13T12:32:12.634090466+02:00 level=info msg="Executing migration" id="create dashboard_usage_by_day(dashboard_id) index"
logger=migrator t=2023-04-13T12:32:12.636295528+02:00 level=info msg="Executing migration" id="create dashboard_usage_by_day(dashboard_id, day) index"
logger=migrator t=2023-04-13T12:32:12.638870493+02:00 level=info msg="Executing migration" id="add column errors_last_1_days to dashboard_usage_sums"
logger=migrator t=2023-04-13T12:32:12.641780454+02:00 level=info msg="Executing migration" id="add column errors_last_7_days to dashboard_usage_sums"
logger=migrator t=2023-04-13T12:32:12.645916979+02:00 level=info msg="Executing migration" id="add column errors_last_30_days to dashboard_usage_sums"
logger=migrator t=2023-04-13T12:32:12.651142994+02:00 level=info msg="Executing migration" id="add column errors_total to dashboard_usage_sums"
logger=migrator t=2023-04-13T12:32:12.654834952+02:00 level=info msg="Executing migration" id="create dashboard_public_usage_by_day table"
logger=migrator t=2023-04-13T12:32:12.656930588+02:00 level=info msg="Executing migration" id="add column cached_queries to dashboard_usage_by_day table"
logger=migrator t=2023-04-13T12:32:12.659806524+02:00 level=info msg="Executing migration" id="add column cached_queries to dashboard_public_usage_by_day table"
logger=migrator t=2023-04-13T12:32:12.66272302+02:00 level=info msg="Executing migration" id="create user_dashboard_views table"
logger=migrator t=2023-04-13T12:32:12.665198246+02:00 level=info msg="Executing migration" id="add index user_dashboard_views.user_id"
logger=migrator t=2023-04-13T12:32:12.66750574+02:00 level=info msg="Executing migration" id="add index user_dashboard_views.dashboard_id"
logger=migrator t=2023-04-13T12:32:12.669548061+02:00 level=info msg="Executing migration" id="add unique index user_dashboard_views_user_id_dashboard_id"
logger=migrator t=2023-04-13T12:32:12.67190338+02:00 level=info msg="Executing migration" id="create user_stats table"
logger=migrator t=2023-04-13T12:32:12.674149914+02:00 level=info msg="Executing migration" id="add unique index user_stats(user_id)"
logger=migrator t=2023-04-13T12:32:12.676095294+02:00 level=info msg="Executing migration" id="create data_source_cache table"
logger=migrator t=2023-04-13T12:32:12.678227732+02:00 level=info msg="Executing migration" id="add index data_source_cache.data_source_id"
logger=migrator t=2023-04-13T12:32:12.680604003+02:00 level=info msg="Executing migration" id="add use_default_ttl column"
logger=migrator t=2023-04-13T12:32:12.683345063+02:00 level=info msg="Executing migration" id="add data_source_cache.data_source_uid column"
logger=migrator t=2023-04-13T12:32:12.686027257+02:00 level=info msg="Executing migration" id="remove abandoned data_source_cache records"
logger=migrator t=2023-04-13T12:32:12.687520605+02:00 level=info msg="Executing migration" id="update data_source_cache.data_source_uid value"
logger=migrator t=2023-04-13T12:32:12.689464241+02:00 level=info msg="Executing migration" id="add index data_source_cache.data_source_uid"
logger=migrator t=2023-04-13T12:32:12.691425111+02:00 level=info msg="Executing migration" id="add data_source_cache.ttl_resources_ms column"
logger=migrator t=2023-04-13T12:32:12.693561027+02:00 level=info msg="Executing migration" id="update data_source_cache.ttl_resources_ms to have the same value as ttl_ms"
logger=migrator t=2023-04-13T12:32:12.695549993+02:00 level=info msg="Executing migration" id="create data_source_acl table"
logger=migrator t=2023-04-13T12:32:12.69741801+02:00 level=info msg="Executing migration" id="add index data_source_acl.data_source_id"
logger=migrator t=2023-04-13T12:32:12.699345254+02:00 level=info msg="Executing migration" id="add unique index datasource_acl.unique"
logger=migrator t=2023-04-13T12:32:12.70159229+02:00 level=info msg="Executing migration" id="create license_token table"
logger=migrator t=2023-04-13T12:32:12.703802653+02:00 level=info msg="Executing migration" id="drop recorded_queries table v14"
logger=migrator t=2023-04-13T12:32:12.705544771+02:00 level=info msg="Executing migration" id="drop recording_rules table v14"
logger=migrator t=2023-04-13T12:32:12.706903182+02:00 level=info msg="Executing migration" id="create recording_rules table v14"
logger=migrator t=2023-04-13T12:32:12.709340693+02:00 level=info msg="Executing migration" id="create remote_write_targets table v1"
logger=migrator t=2023-04-13T12:32:12.711255703+02:00 level=info msg="Executing migration" id="Add prom_name to recording_rules table"
logger=migrator t=2023-04-13T12:32:12.715543084+02:00 level=info msg="Executing migration" id="ensure remote_write_targets table"
logger=migrator t=2023-04-13T12:32:12.717700342+02:00 level=info msg="Executing migration" id="create report config table v1"
logger=migrator t=2023-04-13T12:32:12.719711051+02:00 level=info msg="Executing migration" id="Add index report.user_id"
logger=migrator t=2023-04-13T12:32:12.722153452+02:00 level=info msg="Executing migration" id="add index to dashboard_id"
logger=migrator t=2023-04-13T12:32:12.724321873+02:00 level=info msg="Executing migration" id="add index to org_id"
logger=migrator t=2023-04-13T12:32:12.726431486+02:00 level=info msg="Executing migration" id="Add timezone to the report"
logger=migrator t=2023-04-13T12:32:12.729224529+02:00 level=info msg="Executing migration" id="Add time_from to the report"
logger=migrator t=2023-04-13T12:32:12.731932945+02:00 level=info msg="Executing migration" id="Add time_to to the report"
logger=migrator t=2023-04-13T12:32:12.734811607+02:00 level=info msg="Executing migration" id="Add PDF landscape option to the report"
logger=migrator t=2023-04-13T12:32:12.736896071+02:00 level=info msg="Executing migration" id="Add monthly day scheduling option to the report"
logger=migrator t=2023-04-13T12:32:12.740029525+02:00 level=info msg="Executing migration" id="Add PDF layout option to the report"
logger=migrator t=2023-04-13T12:32:12.742772199+02:00 level=info msg="Executing migration" id="Add PDF orientation option to the report"
logger=migrator t=2023-04-13T12:32:12.745862999+02:00 level=info msg="Executing migration" id="Update report pdf_orientation from pdf_landscape"
logger=migrator t=2023-04-13T12:32:12.747495982+02:00 level=info msg="Executing migration" id="create report settings table"
logger=migrator t=2023-04-13T12:32:12.749574715+02:00 level=info msg="Executing migration" id="Add dashboard_uid field to the report"
logger=migrator t=2023-04-13T12:32:12.752223694+02:00 level=info msg="Executing migration" id="Add template_vars field to the report"
logger=migrator t=2023-04-13T12:32:12.75491739+02:00 level=info msg="Executing migration" id="Add option to include dashboard url in the report"
logger=migrator t=2023-04-13T12:32:12.756925854+02:00 level=info msg="Executing migration" id="Add state field to the report"
logger=migrator t=2023-04-13T12:32:12.760292069+02:00 level=info msg="Executing migration" id="Add option to add CSV files to the report"
logger=migrator t=2023-04-13T12:32:12.763083799+02:00 level=info msg="Executing migration" id="Add scheduling start date"
logger=migrator t=2023-04-13T12:32:12.765626558+02:00 level=info msg="Executing migration" id="Add missing schedule_start date for old reports"
logger=migrator t=2023-04-13T12:32:12.766954369+02:00 level=info msg="Executing migration" id="Add scheduling end date"
logger=migrator t=2023-04-13T12:32:12.77225924+02:00 level=info msg="Executing migration" id="Add schedulinng custom interval frequency"
logger=migrator t=2023-04-13T12:32:12.775654952+02:00 level=info msg="Executing migration" id="Add scheduling custom interval amount"
logger=migrator t=2023-04-13T12:32:12.778593773+02:00 level=info msg="Executing migration" id="Add workdays only flag to report"
logger=migrator t=2023-04-13T12:32:12.781548925+02:00 level=info msg="Executing migration" id="create report dashboards table"
logger=migrator t=2023-04-13T12:32:12.783538773+02:00 level=info msg="Executing migration" id="Add index report_dashboards.report_id"
logger=migrator t=2023-04-13T12:32:12.785628096+02:00 level=info msg="Executing migration" id="Migrate report fields into report_dashboards"
logger=migrator t=2023-04-13T12:32:12.787125442+02:00 level=info msg="Executing migration" id="Add formats option to the report"
logger=migrator t=2023-04-13T12:32:12.79015924+02:00 level=info msg="Executing migration" id="Migrate reports with csv enabled"
logger=migrator t=2023-04-13T12:32:12.791886058+02:00 level=info msg="Executing migration" id="Migrate ancient reports"
logger=migrator t=2023-04-13T12:32:12.793260471+02:00 level=info msg="Executing migration" id="Add created column in report_dashboards"
logger=migrator t=2023-04-13T12:32:12.79741971+02:00 level=info msg="Executing migration" id="Add scale_factor to the report"
logger=migrator t=2023-04-13T12:32:12.802509888+02:00 level=info msg="Executing migration" id="create team group table"
logger=migrator t=2023-04-13T12:32:12.80490721+02:00 level=info msg="Executing migration" id="add index team_group.org_id"
logger=migrator t=2023-04-13T12:32:12.806942647+02:00 level=info msg="Executing migration" id="add unique index team_group.org_id_team_id_group_id"
logger=migrator t=2023-04-13T12:32:12.809240012+02:00 level=info msg="Executing migration" id="add index team_group.group_id"
logger=migrator t=2023-04-13T12:32:12.811327973+02:00 level=info msg="Executing migration" id="create settings table"
logger=migrator t=2023-04-13T12:32:12.813263233+02:00 level=info msg="Executing migration" id="add unique index settings.section_key"
logger=migrator t=2023-04-13T12:32:12.815315243+02:00 level=info msg="Executing migration" id="migrate role names"
logger=migrator t=2023-04-13T12:32:12.818527493+02:00 level=info msg="Executing migration" id="rename orgs roles"
logger=migrator t=2023-04-13T12:32:12.820105908+02:00 level=info msg="Executing migration" id="remove duplicated org role"
logger=migrator t=2023-04-13T12:32:12.822004646+02:00 level=info msg="Executing migration" id="migrate alerting role names"
logger=migrator t=2023-04-13T12:32:12.823584164+02:00 level=info msg="Executing migration" id="data source permissions"
logger=migrator t=2023-04-13T12:32:12.825770579+02:00 level=info msg="Executing migration" id="data source uid permissions"
logger=migrator t=2023-04-13T12:32:12.827337863+02:00 level=info msg="Executing migration" id="rename permissions:delegate scope"
logger=migrator t=2023-04-13T12:32:12.829176101+02:00 level=info msg="Executing migration" id="builtin role migration"
logger="builtin-role migrator" t=2023-04-13T12:32:12.829526563+02:00 level=info msg="no permission to create"
logger=migrator t=2023-04-13T12:32:12.833361312+02:00 level=info msg="Executing migration" id="seed permissions migration"
logger=migrator t=2023-04-13T12:32:12.835604159+02:00 level=info msg="Executing migration" id="managed permissions migration enterprise"
logger=migrator t=2023-04-13T12:32:12.83706419+02:00 level=info msg="migrations completed" performed=555 skipped=0 duration=1.335688918s
logger=sqlstore t=2023-04-13T12:32:12.849801942+02:00 level=info msg="Created default admin" user=admin
logger=sqlstore t=2023-04-13T12:32:12.849950475+02:00 level=info msg="Created default organization"
logger=licensing t=2023-04-13T12:32:12.852417926+02:00 level=info msg="Validated license token" appURL=http://localhost:3000/ source=disk status=NotFound
logger=grafanaStorageLogger t=2023-04-13T12:32:12.873982369+02:00 level=warn msg="error loading storage" prefix=public-static err="stat /home/samuel/IdeaProjects/spring-boot-health-monitor/public: no such file or directory"
logger=plugin.finder t=2023-04-13T12:32:12.874142716+02:00 level=warn msg="Skipping finding plugins as directory does not exist" path=/home/samuel/IdeaProjects/spring-boot-health-monitor/public/app/plugins/datasource
logger=plugin.finder t=2023-04-13T12:32:12.87417048+02:00 level=warn msg="Skipping finding plugins as directory does not exist" path=/home/samuel/IdeaProjects/spring-boot-health-monitor/public/app/plugins/panel
logger=plugin.finder t=2023-04-13T12:32:12.874196522+02:00 level=warn msg="Skipping finding plugins as directory does not exist" path=/home/samuel/IdeaProjects/spring-boot-health-monitor/plugins-bundled
logger=plugin.finder t=2023-04-13T12:32:12.874212173+02:00 level=warn msg="Skipping finding plugins as directory does not exist" path=/home/samuel/IdeaProjects/spring-boot-health-monitor/data/plugins
logger=secrets t=2023-04-13T12:32:12.874450653+02:00 level=info msg="Envelope encryption state" enabled=true currentprovider=secretKey.v1
logger=settings t=2023-04-13T12:36:24.802784829+02:00 level=info msg="Starting Grafana" version=9.3.6 commit=978237e7cb branch=HEAD compiled=2023-01-26T15:38:58+01:00
logger=settings t=2023-04-13T12:36:24.802863265+02:00 level=error msg="Failed to detect generated javascript files in public/build"
logger=settings t=2023-04-13T12:36:24.802971876+02:00 level=info msg="Config loaded from" file=/home/samuel/IdeaProjects/spring-boot-health-monitor/conf/defaults.ini
logger=settings t=2023-04-13T12:36:24.802990801+02:00 level=info msg="Path Home" path=/home/samuel/IdeaProjects/spring-boot-health-monitor
logger=settings t=2023-04-13T12:36:24.80300081+02:00 level=info msg="Path Data" path=/home/samuel/IdeaProjects/spring-boot-health-monitor/data
logger=settings t=2023-04-13T12:36:24.803012572+02:00 level=info msg="Path Logs" path=/home/samuel/IdeaProjects/spring-boot-health-monitor/data/log
logger=settings t=2023-04-13T12:36:24.803024634+02:00 level=info msg="Path Plugins" path=/home/samuel/IdeaProjects/spring-boot-health-monitor/data/plugins
logger=settings t=2023-04-13T12:36:24.803036205+02:00 level=info msg="Path Provisioning" path=/home/samuel/IdeaProjects/spring-boot-health-monitor/conf/provisioning
logger=settings t=2023-04-13T12:36:24.803047587+02:00 level=info msg="App mode production"
logger=sqlstore t=2023-04-13T12:36:24.803106115+02:00 level=info msg="Connecting to DB" dbtype=sqlite3
logger=migrator t=2023-04-13T12:36:24.818811676+02:00 level=info msg="Starting DB migrations"
logger=migrator t=2023-04-13T12:36:24.824480367+02:00 level=info msg="migrations completed" performed=0 skipped=551 duration=569.337s
logger=licensing t=2023-04-13T12:36:24.824993439+02:00 level=info msg="Validated license token" appURL=http://localhost:3000/ source=disk status=NotFound
logger=grafanaStorageLogger t=2023-04-13T12:36:24.848032769+02:00 level=warn msg="error loading storage" prefix=public-static err="stat /home/samuel/IdeaProjects/spring-boot-health-monitor/public: no such file or directory"
logger=plugin.finder t=2023-04-13T12:36:24.848187546+02:00 level=warn msg="Skipping finding plugins as directory does not exist" path=/home/samuel/IdeaProjects/spring-boot-health-monitor/public/app/plugins/datasource
logger=plugin.finder t=2023-04-13T12:36:24.848207814+02:00 level=warn msg="Skipping finding plugins as directory does not exist" path=/home/samuel/IdeaProjects/spring-boot-health-monitor/public/app/plugins/panel
logger=plugin.finder t=2023-04-13T12:36:24.848230025+02:00 level=warn msg="Skipping finding plugins as directory does not exist" path=/home/samuel/IdeaProjects/spring-boot-health-monitor/plugins-bundled
logger=plugin.finder t=2023-04-13T12:36:24.84824359+02:00 level=warn msg="Skipping finding plugins as directory does not exist" path=/home/samuel/IdeaProjects/spring-boot-health-monitor/data/plugins
logger=secrets t=2023-04-13T12:36:24.848442379+02:00 level=info msg="Envelope encryption state" enabled=true currentprovider=secretKey.v1
logger=settings t=2023-04-13T12:39:14.134795296+02:00 level=info msg="Starting Grafana" version=9.3.6 commit=978237e7cb branch=HEAD compiled=2023-01-26T15:38:58+01:00
logger=settings t=2023-04-13T12:39:14.134949495+02:00 level=error msg="Failed to detect generated javascript files in public/build"
logger=settings t=2023-04-13T12:39:14.135113773+02:00 level=info msg="Config loaded from" file=/home/samuel/IdeaProjects/spring-boot-health-monitor/conf/defaults.ini
logger=settings t=2023-04-13T12:39:14.135134844+02:00 level=info msg="Path Home" path=/home/samuel/IdeaProjects/spring-boot-health-monitor
logger=settings t=2023-04-13T12:39:14.135221251+02:00 level=info msg="Path Data" path=/home/samuel/IdeaProjects/spring-boot-health-monitor/data
logger=settings t=2023-04-13T12:39:14.135241019+02:00 level=info msg="Path Logs" path=/home/samuel/IdeaProjects/spring-boot-health-monitor/data/log
logger=settings t=2023-04-13T12:39:14.135284493+02:00 level=info msg="Path Plugins" path=/home/samuel/IdeaProjects/spring-boot-health-monitor/data/plugins
logger=settings t=2023-04-13T12:39:14.135326274+02:00 level=info msg="Path Provisioning" path=/home/samuel/IdeaProjects/spring-boot-health-monitor/conf/provisioning
logger=settings t=2023-04-13T12:39:14.135367975+02:00 level=info msg="App mode production"
logger=sqlstore t=2023-04-13T12:39:14.135475593+02:00 level=info msg="Connecting to DB" dbtype=sqlite3
logger=migrator t=2023-04-13T12:39:14.152880393+02:00 level=info msg="Starting DB migrations"
logger=migrator t=2023-04-13T12:39:14.158567682+02:00 level=info msg="migrations completed" performed=0 skipped=551 duration=582.738s
logger=licensing t=2023-04-13T12:39:14.159141813+02:00 level=info msg="Validated license token" appURL=http://localhost:3000/ source=disk status=NotFound
logger=grafanaStorageLogger t=2023-04-13T12:39:14.18010237+02:00 level=warn msg="error loading storage" prefix=public-static err="stat /home/samuel/IdeaProjects/spring-boot-health-monitor/public: no such file or directory"
logger=plugin.finder t=2023-04-13T12:39:14.180246008+02:00 level=warn msg="Skipping finding plugins as directory does not exist" path=/home/samuel/IdeaProjects/spring-boot-health-monitor/public/app/plugins/datasource
logger=plugin.finder t=2023-04-13T12:39:14.180267139+02:00 level=warn msg="Skipping finding plugins as directory does not exist" path=/home/samuel/IdeaProjects/spring-boot-health-monitor/public/app/plugins/panel
logger=plugin.finder t=2023-04-13T12:39:14.180285033+02:00 level=warn msg="Skipping finding plugins as directory does not exist" path=/home/samuel/IdeaProjects/spring-boot-health-monitor/plugins-bundled
logger=plugin.finder t=2023-04-13T12:39:14.180300203+02:00 level=warn msg="Skipping finding plugins as directory does not exist" path=/home/samuel/IdeaProjects/spring-boot-health-monitor/data/plugins
logger=secrets t=2023-04-13T12:39:14.180498837+02:00 level=info msg="Envelope encryption state" enabled=true currentprovider=secretKey.v1
logger=settings t=2023-04-13T12:39:57.521489+02:00 level=info msg="Starting Grafana" version=9.3.6 commit=978237e7cb branch=HEAD compiled=2023-01-26T15:38:58+01:00
logger=settings t=2023-04-13T12:39:57.521571248+02:00 level=error msg="Failed to detect generated javascript files in public/build"
logger=settings t=2023-04-13T12:39:57.52168672+02:00 level=info msg="Config loaded from" file=/home/samuel/IdeaProjects/spring-boot-health-monitor/conf/defaults.ini
logger=settings t=2023-04-13T12:39:57.521706568+02:00 level=info msg="Path Home" path=/home/samuel/IdeaProjects/spring-boot-health-monitor
logger=settings t=2023-04-13T12:39:57.521722729+02:00 level=info msg="Path Data" path=/home/samuel/IdeaProjects/spring-boot-health-monitor/data
logger=settings t=2023-04-13T12:39:57.521734853+02:00 level=info msg="Path Logs" path=/home/samuel/IdeaProjects/spring-boot-health-monitor/data/log
logger=settings t=2023-04-13T12:39:57.521746255+02:00 level=info msg="Path Plugins" path=/home/samuel/IdeaProjects/spring-boot-health-monitor/data/plugins
logger=settings t=2023-04-13T12:39:57.521758268+02:00 level=info msg="Path Provisioning" path=/home/samuel/IdeaProjects/spring-boot-health-monitor/conf/provisioning
logger=settings t=2023-04-13T12:39:57.52176979+02:00 level=info msg="App mode production"
logger=sqlstore t=2023-04-13T12:39:57.521827811+02:00 level=info msg="Connecting to DB" dbtype=sqlite3
logger=migrator t=2023-04-13T12:39:57.537691298+02:00 level=info msg="Starting DB migrations"
logger=migrator t=2023-04-13T12:39:57.543136276+02:00 level=info msg="migrations completed" performed=0 skipped=551 duration=511.233s
logger=licensing t=2023-04-13T12:39:57.543591631+02:00 level=info msg="Validated license token" appURL=http://localhost:3000/ source=disk status=NotFound
logger=grafanaStorageLogger t=2023-04-13T12:39:57.560099296+02:00 level=warn msg="error loading storage" prefix=public-static err="stat /home/samuel/IdeaProjects/spring-boot-health-monitor/public: no such file or directory"
logger=plugin.finder t=2023-04-13T12:39:57.560233464+02:00 level=warn msg="Skipping finding plugins as directory does not exist" path=/home/samuel/IdeaProjects/spring-boot-health-monitor/public/app/plugins/datasource
logger=plugin.finder t=2023-04-13T12:39:57.560252852+02:00 level=warn msg="Skipping finding plugins as directory does not exist" path=/home/samuel/IdeaProjects/spring-boot-health-monitor/public/app/plugins/panel
logger=plugin.finder t=2023-04-13T12:39:57.560268792+02:00 level=warn msg="Skipping finding plugins as directory does not exist" path=/home/samuel/IdeaProjects/spring-boot-health-monitor/plugins-bundled
logger=plugin.finder t=2023-04-13T12:39:57.560284122+02:00 level=warn msg="Skipping finding plugins as directory does not exist" path=/home/samuel/IdeaProjects/spring-boot-health-monitor/data/plugins
logger=secrets t=2023-04-13T12:39:57.560541426+02:00 level=info msg="Envelope encryption state" enabled=true currentprovider=secretKey.v1
logger=settings t=2023-04-13T12:41:06.612723136+02:00 level=info msg="Starting Grafana" version=9.3.6 commit=978237e7cb branch=HEAD compiled=2023-01-26T15:38:58+01:00
logger=settings t=2023-04-13T12:41:06.612795514+02:00 level=error msg="Failed to detect generated javascript files in public/build"
logger=settings t=2023-04-13T12:41:06.612902808+02:00 level=info msg="Config loaded from" file=/home/samuel/IdeaProjects/spring-boot-health-monitor/conf/defaults.ini
logger=settings t=2023-04-13T12:41:06.612921023+02:00 level=info msg="Path Home" path=/home/samuel/IdeaProjects/spring-boot-health-monitor
logger=settings t=2023-04-13T12:41:06.612930852+02:00 level=info msg="Path Data" path=/home/samuel/IdeaProjects/spring-boot-health-monitor/data
logger=settings t=2023-04-13T12:41:06.612941692+02:00 level=info msg="Path Logs" path=/home/samuel/IdeaProjects/spring-boot-health-monitor/data/log
logger=settings t=2023-04-13T12:41:06.612953304+02:00 level=info msg="Path Plugins" path=/home/samuel/IdeaProjects/spring-boot-health-monitor/data/plugins
logger=settings t=2023-04-13T12:41:06.612964065+02:00 level=info msg="Path Provisioning" path=/home/samuel/IdeaProjects/spring-boot-health-monitor/conf/provisioning
logger=settings t=2023-04-13T12:41:06.612974775+02:00 level=info msg="App mode production"
logger=sqlstore t=2023-04-13T12:41:06.61301944+02:00 level=info msg="Connecting to DB" dbtype=sqlite3
logger=migrator t=2023-04-13T12:41:06.629282616+02:00 level=info msg="Starting DB migrations"
logger=migrator t=2023-04-13T12:41:06.634583817+02:00 level=info msg="migrations completed" performed=0 skipped=551 duration=492.248s
logger=licensing t=2023-04-13T12:41:06.635059333+02:00 level=info msg="Validated license token" appURL=http://localhost:3000/ source=disk status=NotFound
logger=grafanaStorageLogger t=2023-04-13T12:41:06.652890768+02:00 level=warn msg="error loading storage" prefix=public-static err="stat /home/samuel/IdeaProjects/spring-boot-health-monitor/public: no such file or directory"
logger=plugin.finder t=2023-04-13T12:41:06.653027548+02:00 level=warn msg="Skipping finding plugins as directory does not exist" path=/home/samuel/IdeaProjects/spring-boot-health-monitor/public/app/plugins/datasource
logger=plugin.finder t=2023-04-13T12:41:06.653046645+02:00 level=warn msg="Skipping finding plugins as directory does not exist" path=/home/samuel/IdeaProjects/spring-boot-health-monitor/public/app/plugins/panel
logger=plugin.finder t=2023-04-13T12:41:06.653063797+02:00 level=warn msg="Skipping finding plugins as directory does not exist" path=/home/samuel/IdeaProjects/spring-boot-health-monitor/plugins-bundled
logger=plugin.finder t=2023-04-13T12:41:06.653085779+02:00 level=warn msg="Skipping finding plugins as directory does not exist" path=/home/samuel/IdeaProjects/spring-boot-health-monitor/data/plugins
logger=secrets t=2023-04-13T12:41:06.653302632+02:00 level=info msg="Envelope encryption state" enabled=true currentprovider=secretKey.v1
